Uninstalled 1 package in 0.59ms
Installed 1 package in 2ms
Life Criteria v0.1.0
8th Criterion (memory) experiment — Tier 1
  Steps: 10000  sample_every: 100
  Seeds: [100, 101, 102, 103, 104, 105, 106, 107, 108, 109, 110, 111, 112, 113, 114, 115, 116, 117, 118, 119, 120, 121, 122, 123, 124, 125, 126, 127, 128, 129]  (n=30)
  Conditions: ['baseline', 'criterion8_on', 'criterion8_ablated', 'sham']

--- Condition: baseline ---
  Steps: 10000  sample_every: 100  seeds: [100, 101, 102, 103, 104, 105, 106, 107, 108, 109, 110, 111, 112, 113, 114, 115, 116, 117, 118, 119, 120, 121, 122, 123, 124, 125, 126, 127, 128, 129]
  Overrides: {"max_alive_organisms": 100, "enable_memory": false}
  Output: /Users/yuyamukai/Research/life_criteria/experiments/criterion8_baseline.json
  seed=100  alive= 100  samples=  100  mem=0.000  728.2s
  seed=101  alive= 126  samples=  100  mem=0.000  984.3s
  seed=102  alive= 115  samples=  100  mem=0.000  689.5s
  seed=103  alive= 195  samples=  100  mem=0.000  689.9s
  seed=104  alive= 110  samples=  100  mem=0.000  785.5s
  seed=105  alive= 155  samples=  100  mem=0.000  795.7s
  seed=106  alive= 107  samples=  100  mem=0.000  761.1s
  seed=107  alive= 121  samples=  100  mem=0.000  877.6s
  seed=108  alive= 114  samples=  100  mem=0.000  748.6s
  seed=109  alive= 150  samples=  100  mem=0.000  877.2s
  seed=110  alive= 109  samples=  100  mem=0.000  689.2s
  seed=111  alive= 149  samples=  100  mem=0.000  870.4s
  seed=112  alive= 101  samples=  100  mem=0.000  644.9s
  seed=113  alive= 117  samples=  100  mem=0.000  789.7s
  seed=114  alive= 121  samples=  100  mem=0.000  924.8s
  seed=115  alive= 126  samples=  100  mem=0.000  891.0s
  seed=116  alive= 140  samples=  100  mem=0.000  830.0s
  seed=117  alive= 144  samples=  100  mem=0.000  816.8s
  seed=118  alive= 105  samples=  100  mem=0.000  795.9s
  seed=119  alive= 115  samples=  100  mem=0.000  866.9s
  seed=120  alive= 144  samples=  100  mem=0.000  966.7s
  seed=121  alive= 119  samples=  100  mem=0.000  845.6s
  seed=122  alive= 113  samples=  100  mem=0.000  839.6s
  seed=123  alive= 139  samples=  100  mem=0.000  881.7s
  seed=124  alive= 106  samples=  100  mem=0.000  685.1s
  seed=125  alive= 117  samples=  100  mem=0.000  763.5s
  seed=126  alive= 117  samples=  100  mem=0.000  858.5s
  seed=127  alive= 155  samples=  100  mem=0.000  781.9s
  seed=128  alive= 129  samples=  100  mem=0.000  872.7s
  seed=129  alive= 125  samples=  100  mem=0.000  930.0s
  Saved /Users/yuyamukai/Research/life_criteria/experiments/criterion8_baseline.json  (24482.7s total)

--- Condition: criterion8_on ---
  Steps: 10000  sample_every: 100  seeds: [100, 101, 102, 103, 104, 105, 106, 107, 108, 109, 110, 111, 112, 113, 114, 115, 116, 117, 118, 119, 120, 121, 122, 123, 124, 125, 126, 127, 128, 129]
  Overrides: {"max_alive_organisms": 100, "enable_memory": true}
  Output: /Users/yuyamukai/Research/life_criteria/experiments/criterion8_criterion8_on.json
  seed=100  alive= 121  samples=  100  mem=0.940  896.0s
  seed=101  alive= 105  samples=  100  mem=0.810  738.8s
  seed=102  alive= 115  samples=  100  mem=0.971  695.6s
  seed=103  alive= 113  samples=  100  mem=0.892  712.4s
  seed=104  alive= 120  samples=  100  mem=0.930  893.5s
  seed=105  alive= 116  samples=  100  mem=0.840  740.7s
  seed=106  alive= 129  samples=  100  mem=0.920  897.0s
  seed=107  alive= 179  samples=  100  mem=0.823  722.0s
  seed=108  alive= 139  samples=  100  mem=0.901  975.8s
  seed=109  alive= 124  samples=  100  mem=0.884  903.1s
  seed=110  alive= 123  samples=  100  mem=0.884  817.3s
  seed=111  alive= 125  samples=  100  mem=0.841  838.8s
  seed=112  alive= 111  samples=  100  mem=0.925  737.1s
  seed=113  alive= 118  samples=  100  mem=0.871  808.8s
  seed=114  alive= 105  samples=  100  mem=0.883  756.7s
  seed=115  alive= 102  samples=  100  mem=0.932  676.3s
  seed=116  alive= 103  samples=  100  mem=0.923  682.0s
  seed=117  alive= 136  samples=  100  mem=0.883  884.9s
  seed=118  alive= 139  samples=  100  mem=0.922  864.3s
  seed=119  alive= 137  samples=  100  mem=0.905  879.9s
  seed=120  alive= 143  samples=  100  mem=0.859  785.2s
  seed=121  alive= 115  samples=  100  mem=0.938  681.8s
  seed=122  alive= 122  samples=  100  mem=0.956  775.2s
  seed=123  alive= 113  samples=  100  mem=0.880  730.3s
  seed=124  alive= 108  samples=  100  mem=0.807  673.7s
  seed=125  alive= 153  samples=  100  mem=0.980  891.6s
  seed=126  alive= 105  samples=  100  mem=0.889  738.3s
  seed=127  alive= 108  samples=  100  mem=0.963  744.6s
  seed=128  alive= 108  samples=  100  mem=0.847  683.5s
  seed=129  alive= 126  samples=  100  mem=0.914  935.1s
  Saved /Users/yuyamukai/Research/life_criteria/experiments/criterion8_criterion8_on.json  (23760.7s total)

--- Condition: criterion8_ablated ---
  Steps: 10000  sample_every: 100  seeds: [100, 101, 102, 103, 104, 105, 106, 107, 108, 109, 110, 111, 112, 113, 114, 115, 116, 117, 118, 119, 120, 121, 122, 123, 124, 125, 126, 127, 128, 129]
  Overrides: {"max_alive_organisms": 100, "enable_memory": true, "ablation_targets": ["memory"], "ablation_step": 5000}
  Output: /Users/yuyamukai/Research/life_criteria/experiments/criterion8_criterion8_ablated.json
  seed=100  alive= 121  samples=  100  mem=0.000  876.6s
  seed=101  alive= 104  samples=  100  mem=0.000  739.1s
  seed=102  alive= 115  samples=  100  mem=0.000  761.7s
  seed=103  alive= 113  samples=  100  mem=0.000  890.6s
  seed=104  alive= 120  samples=  100  mem=0.000  944.4s
  seed=105  alive= 115  samples=  100  mem=0.000  776.6s
  seed=106  alive= 129  samples=  100  mem=0.000  966.4s
  seed=107  alive= 101  samples=  100  mem=0.000  731.8s
  seed=108  alive= 140  samples=  100  mem=0.000  975.2s
  seed=109  alive= 123  samples=  100  mem=0.000  916.7s
  seed=110  alive= 123  samples=  100  mem=0.000  835.1s
  seed=111  alive= 123  samples=  100  mem=0.000  857.9s
  seed=112  alive= 113  samples=  100  mem=0.000  739.1s
  seed=113  alive= 115  samples=  100  mem=0.000  809.2s
  seed=114  alive= 108  samples=  100  mem=0.000  762.5s
  seed=115  alive= 102  samples=  100  mem=0.000  683.5s
  seed=116  alive= 101  samples=  100  mem=0.000  687.4s
  seed=117  alive= 141  samples=  100  mem=0.000  905.0s
  seed=118  alive= 139  samples=  100  mem=0.000  882.9s
  seed=119  alive= 134  samples=  100  mem=0.000  888.7s
  seed=120  alive= 129  samples=  100  mem=0.000  760.7s
  seed=121  alive= 114  samples=  100  mem=0.000  712.7s
  seed=122  alive= 123  samples=  100  mem=0.000  807.5s
  seed=123  alive= 112  samples=  100  mem=0.000  743.8s
  seed=124  alive= 107  samples=  100  mem=0.000  695.3s
  seed=125  alive= 152  samples=  100  mem=0.000  924.9s
  seed=126  alive= 106  samples=  100  mem=0.000  714.1s
  seed=127  alive= 106  samples=  100  mem=0.000  714.6s
  seed=128  alive= 108  samples=  100  mem=0.000  678.0s
  seed=129  alive= 128  samples=  100  mem=0.000  927.3s
  Saved /Users/yuyamukai/Research/life_criteria/experiments/criterion8_criterion8_ablated.json  (24309.8s total)

--- Condition: sham ---
  Steps: 10000  sample_every: 100  seeds: [100, 101, 102, 103, 104, 105, 106, 107, 108, 109, 110, 111, 112, 113, 114, 115, 116, 117, 118, 119, 120, 121, 122, 123, 124, 125, 126, 127, 128, 129]
  Overrides: {"max_alive_organisms": 100, "enable_memory": true, "enable_sham_process": true}
  Output: /Users/yuyamukai/Research/life_criteria/experiments/criterion8_sham.json
  seed=100  alive= 121  samples=  100  mem=0.511  1600.5s
  seed=101  alive= 125  samples=  100  mem=0.492  1576.4s
  seed=102  alive= 112  samples=  100  mem=0.505  1147.9s
  seed=103  alive= 117  samples=  100  mem=0.559  1336.8s
  seed=104  alive= 117  samples=  100  mem=0.449  1500.7s
  seed=105  alive= 124  samples=  100  mem=0.530  1488.9s
  seed=106  alive= 127  samples=  100  mem=0.523  1619.7s
  seed=107  alive= 105  samples=  100  mem=0.514  1350.1s
  seed=108  alive= 125  samples=  100  mem=0.501  1637.6s
  seed=109  alive= 120  samples=  100  mem=0.515  1510.3s
  seed=110  alive= 104  samples=  100  mem=0.501  1206.2s
  seed=111  alive= 123  samples=  100  mem=0.496  1554.0s
  seed=112  alive= 115  samples=  100  mem=0.513  1346.1s
  seed=113  alive= 101  samples=  100  mem=0.500  1311.7s
  seed=114  alive= 105  samples=  100  mem=0.490  1259.1s
  seed=115  alive= 101  samples=  100  mem=0.495  1137.6s
  seed=116  alive= 107  samples=  100  mem=0.482  1193.9s
  seed=117  alive= 104  samples=  100  mem=0.535  1158.9s
  seed=118  alive= 138  samples=  100  mem=0.510  1724.6s
  seed=119  alive= 148  samples=  100  mem=0.513  1444.0s
  seed=120  alive= 134  samples=  100  mem=0.499  1518.9s
  seed=121  alive= 106  samples=  100  mem=0.500  1172.7s
  seed=122  alive= 132  samples=  100  mem=0.508  1659.0s
  seed=123  alive= 110  samples=  100  mem=0.516  1351.4s
  seed=124  alive= 104  samples=  100  mem=0.538  1262.2s
  seed=125  alive= 106  samples=  100  mem=0.534  1245.9s
  seed=126  alive= 114  samples=  100  mem=0.538  1399.3s
  seed=127  alive= 123  samples=  100  mem=0.504  1539.3s
  seed=128  alive= 112  samples=  100  mem=0.487  1258.4s
  seed=129  alive= 137  samples=  100  mem=0.504  1742.1s
  Saved /Users/yuyamukai/Research/life_criteria/experiments/criterion8_sham.json  (42254.3s total)

Total time: 114807.5s
